2025-10-11 17:07:31.381 | INFO     | moola.cli:ingest:44 - Ingest start
2025-10-11 17:07:31.382 | INFO     | moola.cli:ingest:47 - Ingest done
2025-10-11 17:07:34.462 | INFO     | moola.cli:train:57 - Train start | seed=%s
2025-10-11 17:07:34.462 | INFO     | moola.cli:train:60 - Train done
2025-10-11 17:07:40.075 | INFO     | moola.cli:evaluate:70 - Evaluate start
2025-10-11 17:07:40.076 | INFO     | moola.cli:evaluate:73 - Evaluate done
2025-10-11 17:07:42.814 | INFO     | moola.cli:deploy:83 - Deploy start
2025-10-11 17:07:42.815 | INFO     | moola.cli:deploy:86 - Deploy done
2025-10-11 17:07:47.746 | INFO     | moola.cli:ingest:44 - Ingest start
2025-10-11 17:07:47.749 | INFO     | moola.cli:ingest:47 - Ingest done
2025-10-11 17:07:48.988 | INFO     | moola.cli:train:57 - Train start | seed=%s
2025-10-11 17:07:48.992 | INFO     | moola.cli:train:60 - Train done
2025-10-11 17:07:50.255 | INFO     | moola.cli:evaluate:70 - Evaluate start
2025-10-11 17:07:50.265 | INFO     | moola.cli:evaluate:73 - Evaluate done
2025-10-11 17:07:51.589 | INFO     | moola.cli:deploy:83 - Deploy start
2025-10-11 17:07:51.592 | INFO     | moola.cli:deploy:86 - Deploy done
2025-10-11 17:10:00.470 | INFO     | moola.cli:ingest:46 - Ingest start
2025-10-11 17:10:00.472 | INFO     | moola.cli:ingest:49 - Ingest done
2025-10-11 17:10:01.321 | INFO     | moola.cli:train:60 - Train start | seed=%s
2025-10-11 17:10:01.321 | INFO     | moola.cli:train:63 - Train done
2025-10-11 17:10:02.003 | INFO     | moola.cli:evaluate:73 - Evaluate start
2025-10-11 17:10:02.005 | INFO     | moola.cli:evaluate:76 - Evaluate done
2025-10-11 17:10:03.996 | INFO     | moola.cli:deploy:86 - Deploy start
2025-10-11 17:10:04.001 | INFO     | moola.cli:deploy:89 - Deploy done
